2019-12-25 11:23:53 INFO  api_tanush:17 - *********Start List User ************
2019-12-25 11:23:57 INFO  api_tanush:26 - Response body
2019-12-25 11:25:13 INFO  api_tanush:16 - *********Start List User ************
2019-12-25 11:25:15 INFO  api_tanush:20 - Response body
2019-12-25 11:25:15 INFO  api_tanush:23 - The status code is 
2019-12-25 11:25:15 INFO  api_tanush:25 - Status line
2019-12-25 12:21:59 INFO  api_tanush:22 - ******put request******
2019-12-25 12:25:42 INFO  api_tanush:22 - ******put request******
2019-12-25 16:10:12 INFO  api_tanush:22 - ******put request******
2019-12-25 16:11:26 INFO  api_tanush:22 - ******put request******
2019-12-25 16:13:13 INFO  api_tanush:22 - ******put request******
2019-12-25 16:15:24 INFO  api_tanush:22 - ******put request******
2019-12-25 16:16:35 INFO  api_tanush:16 - *********Start List User ************
2019-12-25 16:16:39 INFO  api_tanush:20 - Response body
2019-12-25 16:16:39 INFO  api_tanush:23 - The status code is 
2019-12-25 16:16:39 INFO  api_tanush:25 - Status line
2019-12-25 16:28:19 INFO  api_tanush:21 - ******put request******
2019-12-25 16:29:01 INFO  api_tanush:21 - ******put request******
2019-12-25 16:32:14 INFO  api_tanush:15 - *********Start List User ************
2019-12-25 16:32:18 INFO  api_tanush:19 - Response body
2019-12-25 16:32:18 INFO  api_tanush:22 - The status code is 
2019-12-25 16:32:18 INFO  api_tanush:24 - Status line
2019-12-25 16:34:17 INFO  api_tanush:15 - *********Start List User ************
2019-12-25 16:34:21 INFO  api_tanush:19 - Response body
2019-12-25 16:34:21 WARN  api_tanush:22 - The status code is 
2019-12-25 16:34:21 INFO  api_tanush:24 - Status line
2019-12-25 16:35:07 INFO  api_tanush:21 - ******put request******
2019-12-25 16:56:55 INFO  api_tanush:21 - ******put request******
2019-12-25 17:01:17 INFO  api_tanush:21 - ******put request******
2019-12-26 18:57:29 INFO  api_tanush:21 - ******put request******
2019-12-26 18:58:28 INFO  api_tanush:21 - ******put request******
2019-12-26 19:01:02 INFO  api_tanush:21 - ******put request******
2019-12-26 19:02:33 INFO  api_tanush:21 - ******put request******
2019-12-26 19:02:33 INFO  api_tanush:23 - ******URL entered******
2019-12-26 19:02:33 INFO  api_tanush:27 - ******JSON OBJECT******
2019-12-26 19:02:33 INFO  api_tanush:30 - ******PUT DATA******
2019-12-26 19:02:33 INFO  api_tanush:32 - ******JSON STRIN CONVERTING******
2019-12-26 19:02:35 INFO  api_tanush:34 - ******ENDPOINT ENTERED******
2019-12-27 10:35:15 INFO  api_tanush:21 - ******put request******
2019-12-27 10:35:17 INFO  api_tanush:23 - ******URL entered******
2019-12-27 10:35:17 INFO  api_tanush:27 - ******JSON OBJECT******
2019-12-27 10:35:17 INFO  api_tanush:30 - ******PUT DATA******
2019-12-27 10:35:17 INFO  api_tanush:32 - ******JSON STRIN CONVERTING******
2019-12-27 10:35:19 INFO  api_tanush:34 - ******ENDPOINT ENTERED******
2019-12-27 10:38:04 INFO  api_tanush:21 - ******put request******
2019-12-27 10:38:05 INFO  api_tanush:23 - ******URL entered******
2019-12-27 10:38:05 INFO  api_tanush:27 - ******JSON OBJECT******
2019-12-27 10:38:05 INFO  api_tanush:30 - ******PUT DATA******
2019-12-27 10:38:05 INFO  api_tanush:32 - ******JSON STRIN CONVERTING******
2019-12-27 10:38:06 INFO  api_tanush:34 - ******ENDPOINT ENTERED******
2019-12-27 10:39:08 INFO  api_tanush:21 - ******put request******
2019-12-27 10:39:08 INFO  api_tanush:23 - ******URL entered******
2019-12-27 10:39:08 INFO  api_tanush:27 - ******JSON OBJECT******
2019-12-27 10:39:08 INFO  api_tanush:30 - ******PUT DATA******
2019-12-27 10:39:08 INFO  api_tanush:32 - ******JSON STRIN CONVERTING******
2019-12-27 10:39:10 INFO  api_tanush:34 - ******ENDPOINT ENTERED******
2019-12-27 10:39:29 INFO  api_tanush:21 - ******put request******
2019-12-27 10:39:29 INFO  api_tanush:23 - ******URL entered******
2019-12-27 10:39:29 INFO  api_tanush:27 - ******JSON OBJECT******
2019-12-27 10:39:29 INFO  api_tanush:30 - ******PUT DATA******
2019-12-27 10:39:29 INFO  api_tanush:32 - ******JSON STRIN CONVERTING******
2019-12-27 10:39:31 INFO  api_tanush:34 - ******ENDPOINT ENTERED******
2019-12-27 10:44:58 INFO  api_tanush:21 - ******put request******
2019-12-27 10:44:59 INFO  api_tanush:23 - ******URL entered******
2019-12-27 10:44:59 INFO  api_tanush:27 - ******JSON OBJECT******
2019-12-27 10:44:59 INFO  api_tanush:30 - ******PUT DATA******
2019-12-27 10:44:59 INFO  api_tanush:32 - ******JSON STRIN CONVERTING******
2019-12-27 10:45:01 INFO  api_tanush:34 - ******ENDPOINT ENTERED******
2019-12-27 12:18:06 INFO  api_tanush:21 - ******put request******
2019-12-27 12:18:07 INFO  api_tanush:23 - ******URL entered******
2019-12-27 12:18:07 INFO  api_tanush:27 - ******JSON OBJECT******
2019-12-27 12:18:07 INFO  api_tanush:30 - ******PUT DATA******
2019-12-27 12:18:07 INFO  api_tanush:32 - ******JSON STRIN CONVERTING******
2019-12-27 12:18:10 INFO  api_tanush:34 - ******ENDPOINT ENTERED******
2019-12-27 12:18:45 INFO  api_tanush:21 - ******put request******
2019-12-27 12:18:45 INFO  api_tanush:23 - ******URL entered******
2019-12-27 12:18:45 INFO  api_tanush:27 - ******JSON OBJECT******
2019-12-27 12:18:45 INFO  api_tanush:30 - ******PUT DATA******
2019-12-27 12:18:45 INFO  api_tanush:32 - ******JSON STRIN CONVERTING******
2019-12-27 12:18:47 INFO  api_tanush:34 - ******ENDPOINT ENTERED******
2019-12-28 08:17:47 INFO  api_tanush:15 - *********Start List User ************
2019-12-28 08:19:19 INFO  api_tanush:15 - *********Start List User ************
2019-12-28 08:19:23 INFO  api_tanush:19 - Response body
2019-12-28 08:19:23 WARN  api_tanush:22 - The status code is 
2019-12-28 08:19:23 INFO  api_tanush:24 - Status line
2019-12-28 08:20:53 INFO  api_tanush:21 - ******put request******
2019-12-28 08:20:53 INFO  api_tanush:23 - ******URL entered******
2019-12-28 08:20:53 INFO  api_tanush:27 - ******JSON OBJECT******
2019-12-28 08:20:53 INFO  api_tanush:30 - ******PUT DATA******
2019-12-28 08:20:53 INFO  api_tanush:32 - ******JSON STRIN CONVERTING******
2019-12-28 08:20:55 INFO  api_tanush:34 - ******ENDPOINT ENTERED******
2019-12-28 08:21:05 INFO  api_tanush:21 - ******put request******
2019-12-28 08:21:05 INFO  api_tanush:23 - ******URL entered******
2019-12-28 08:21:05 INFO  api_tanush:27 - ******JSON OBJECT******
2019-12-28 08:21:05 INFO  api_tanush:30 - ******PUT DATA******
2019-12-28 08:21:05 INFO  api_tanush:32 - ******JSON STRIN CONVERTING******
2019-12-28 08:21:07 INFO  api_tanush:34 - ******ENDPOINT ENTERED******
